<?xml version="1.0" encoding="UTF-8"?>
<!-- Generated by org.testng.reporters.JUnitReportReporter -->
<testsuite hostname="DESKTOP-LBTBNFA" failures="0" tests="1" name="com.bdd.mavenbddproject.tests.UnitTests" time="0.010" errors="0" timestamp="2024-04-09T15:49:44 IST" skipped="0">
  <testcase classname="com.bdd.mavenbddproject.tests.UnitTests" name="readtxt" time="0.010"/>
  <system-out/>
</testsuite> <!-- com.bdd.mavenbddproject.tests.UnitTests -->
