<?xml version="1.0" encoding="UTF-8"?>
<!-- Generated by org.testng.reporters.JUnitReportReporter -->
<testsuite hostname="DESKTOP-LBTBNFA" failures="0" tests="1" name="com.bdd.mavenbddproject.runner.CucumberRunnerTests" time="25.938" errors="0" timestamp="2024-03-29T09:53:12 IST" skipped="0">
  <testcase classname="com.bdd.mavenbddproject.runner.CucumberRunnerTests" name="runScenario" time="25.938"/>
  <system-out/>
</testsuite> <!-- com.bdd.mavenbddproject.runner.CucumberRunnerTests -->
